<?xml version="1.0" encoding="UTF-8"?>
<!-- Generated by org.testng.reporters.JUnitReportReporter -->
<testsuite hostname="Madhu" failures="0" tests="2" name="assign.highlevel.Createteam" time="32.355" errors="0" timestamp="2022-04-08T12:43:40 IST" skipped="0">
  <testcase classname="assign.highlevel.Createteam" name="intial" time="25.928"/>
  <system-out/>
  <testcase classname="assign.highlevel.Createteam" name="team" time="6.427"/>
  <system-out/>
</testsuite> <!-- assign.highlevel.Createteam -->
