<?xml version="1.0" encoding="UTF-8"?>
<!-- Generated by org.testng.reporters.JUnitReportReporter -->
<testsuite hostname="Madhu" failures="0" tests="2" name="assign.highlevel.Createcalender" time="147.714" errors="0" timestamp="2022-04-08T23:33:50 IST" skipped="0">
  <testcase classname="assign.highlevel.Createcalender" name="intial" time="68.840"/>
  <system-out/>
  <testcase classname="assign.highlevel.Createcalender" name="createCalander" time="78.874"/>
  <system-out/>
</testsuite> <!-- assign.highlevel.Createcalender -->
