<?xml version="1.0" encoding="UTF-8"?>
<!-- Generated by org.testng.reporters.JUnitReportReporter -->
<testsuite hostname="Madhu" failures="0" tests="1" name="assign.highlevel.Listweb" time="57.472" errors="0" timestamp="2022-04-03T14:30:52 IST" skipped="0">
  <testcase classname="assign.highlevel.Listweb" name="demo" time="57.472"/>
  <system-out/>
</testsuite> <!-- assign.highlevel.Listweb -->
