<?xml version="1.0" encoding="UTF-8"?>
<!-- Generated by org.testng.reporters.JUnitReportReporter -->
<testsuite hostname="Madhu" failures="0" tests="4" name="rough.fakerclass" time="0.034" errors="0" timestamp="2022-04-08T11:48:56 IST" skipped="0">
  <testcase classname="rough.fakerclass" name="fake" time="0.016"/>
  <system-out/>
  <testcase classname="rough.fakerclass" name="fake" time="0.008"/>
  <system-out/>
  <testcase classname="rough.fakerclass" name="fake" time="0.005"/>
  <system-out/>
  <testcase classname="rough.fakerclass" name="fake" time="0.005"/>
  <system-out/>
</testsuite> <!-- rough.fakerclass -->
