<?xml version="1.0" encoding="UTF-8"?>
<!-- Generated by org.testng.reporters.JUnitReportReporter -->
<testsuite hostname="Madhu" failures="0" tests="2" name="assign.highlevel.Practice" time="54.927" errors="0" timestamp="2022-04-03T16:32:58 IST" skipped="0">
  <testcase classname="assign.highlevel.Practice" name="intial" time="19.150"/>
  <system-out/>
  <testcase classname="assign.highlevel.Practice" name="cal" time="35.777"/>
  <system-out/>
</testsuite> <!-- assign.highlevel.Practice -->
